<?xml version="1.0" encoding="UTF-8"?>
<!-- Generated by org.testng.reporters.JUnitXMLReporter -->
<testsuite hostname="User" ignored="9" name="Default test" tests="10" failures="0" timestamp="2022-03-23T21:56:16 IST" time="0.276" errors="0">
  <testcase name="tc001" time="0.034" classname="week5.LearnAtrributes"/>
  <testcase name="tc001" time="0.012" classname="week5.LearnAtrributes"/>
  <testcase name="tc001" time="0.005" classname="week5.LearnAtrributes"/>
  <testcase name="tc001" time="0.007" classname="week5.LearnAtrributes"/>
  <testcase name="tc001" time="0.005" classname="week5.LearnAtrributes"/>
  <testcase name="tc001" time="0.007" classname="week5.LearnAtrributes"/>
  <testcase name="tc001" time="0.005" classname="week5.LearnAtrributes"/>
  <testcase name="tc001" time="0.006" classname="week5.LearnAtrributes"/>
  <testcase name="tc001" time="0.005" classname="week5.LearnAtrributes"/>
  <testcase name="tc001" time="0.005" classname="week5.LearnAtrributes"/>
  <testcase name="tc004" time="0.0" classname="week5.LearnAtrributes">
    <ignored/>
  </testcase> <!-- tc004 -->
  <testcase name="tc007" time="0.0" classname="week5.LearnAtrributes">
    <ignored/>
  </testcase> <!-- tc007 -->
  <testcase name="tc006" time="0.0" classname="week5.LearnAtrributes">
    <ignored/>
  </testcase> <!-- tc006 -->
  <testcase name="tc012" time="0.0" classname="week5.LearnAtrributes">
    <ignored/>
  </testcase> <!-- tc012 -->
  <testcase name="tc011" time="0.0" classname="week5.LearnAtrributes">
    <ignored/>
  </testcase> <!-- tc011 -->
  <testcase name="tc014" time="0.0" classname="week5.LearnAtrributes">
    <ignored/>
  </testcase> <!-- tc014 -->
  <testcase name="tc003" time="0.0" classname="week5.LearnAtrributes">
    <ignored/>
  </testcase> <!-- tc003 -->
  <testcase name="tc002" time="0.0" classname="week5.LearnAtrributes">
    <ignored/>
  </testcase> <!-- tc002 -->
  <testcase name="tc013" time="0.0" classname="week5.LearnAtrributes">
    <ignored/>
  </testcase> <!-- tc013 -->
</testsuite> <!-- Default test -->
