<?xml version="1.0" encoding="UTF-8"?>
<!-- Generated by org.testng.reporters.JUnitXMLReporter -->
<testsuite hostname="User" ignored="0" name="Test" tests="3" failures="0" timestamp="2022-03-20T11:21:20 IST" time="82.606" errors="0">
  <testcase name="createLead" time="20.302" classname="week5.practice.DuplicateLead"/>
  <testcase name="createLead" time="16.448" classname="week5.practice.DuplicateLead"/>
  <testcase name="createLead" time="18.677" classname="week5.practice.DuplicateLead"/>
</testsuite> <!-- Test -->
