<?xml version="1.0" encoding="UTF-8"?>
<testng-results skipped="0" failed="0" ignored="0" total="2" passed="2">
  <reporter-output>
  </reporter-output>
  <suite name="Suite" duration-ms="58835" started-at="2022-03-21T23:04:01 IST" finished-at="2022-03-21T23:05:00 IST">
    <groups>
    </groups>
    <test name="Create Lead" duration-ms="26" started-at="2022-03-21T23:04:01 IST" finished-at="2022-03-21T23:04:01 IST">
    </test> <!-- Create Lead -->
    <test name="Edit Lead" duration-ms="3" started-at="2022-03-21T23:04:02 IST" finished-at="2022-03-21T23:04:02 IST">
    </test> <!-- Edit Lead -->
    <test name="Duplicate Lead" duration-ms="10" started-at="2022-03-21T23:04:02 IST" finished-at="2022-03-21T23:04:02 IST">
    </test> <!-- Duplicate Lead -->
    <test name="Delete Lead" duration-ms="58678" started-at="2022-03-21T23:04:02 IST" finished-at="2022-03-21T23:05:00 IST">
      <class name="week5.DeleteLead">
        <test-method status="PASS" signature="setData()[pri:0, instance:week5.DeleteLead@5e57643e]" name="setData" is-config="true" duration-ms="28" started-at="2022-03-21T23:04:02 IST" finished-at="2022-03-21T23:04:02 IST">
          <reporter-output>
          </reporter-output>
        </test-method> <!-- setData -->
        <test-method status="PASS" signature="initalizeBrowser(java.lang.String,java.lang.String)[pri:0, instance:week5.DeleteLead@5e57643e]" name="initalizeBrowser" is-config="true" duration-ms="7435" started-at="2022-03-21T23:04:04 IST" finished-at="2022-03-21T23:04:12 IST">
          <params>
            <param index="0">
              <value>
                <![CDATA[http://leaftaps.com/opentaps/control/main]]>
              </value>
            </param>
            <param index="1">
              <value>
                <![CDATA[chrome]]>
              </value>
            </param>
          </params>
          <reporter-output>
          </reporter-output>
        </test-method> <!-- initalizeBrowser -->
        <test-method status="PASS" signature="deleteLead(java.lang.String,java.lang.String,java.lang.String)[pri:0, instance:week5.DeleteLead@5e57643e]" name="deleteLead" duration-ms="22951" started-at="2022-03-21T23:04:12 IST" data-provider="getDataFromExcel" finished-at="2022-03-21T23:04:35 IST">
          <params>
            <param index="0">
              <value>
                <![CDATA[Demosalesmanager]]>
              </value>
            </param>
            <param index="1">
              <value>
                <![CDATA[crmsfa]]>
              </value>
            </param>
            <param index="2">
              <value>
                <![CDATA[99]]>
              </value>
            </param>
          </params>
          <reporter-output>
          </reporter-output>
        </test-method> <!-- deleteLead -->
        <test-method status="PASS" signature="afterMethod()[pri:0, instance:week5.DeleteLead@5e57643e]" name="afterMethod" is-config="true" duration-ms="258" started-at="2022-03-21T23:04:35 IST" finished-at="2022-03-21T23:04:35 IST">
          <reporter-output>
          </reporter-output>
        </test-method> <!-- afterMethod -->
        <test-method status="PASS" signature="initalizeBrowser(java.lang.String,java.lang.String)[pri:0, instance:week5.DeleteLead@5e57643e]" name="initalizeBrowser" is-config="true" duration-ms="3038" started-at="2022-03-21T23:04:35 IST" finished-at="2022-03-21T23:04:38 IST">
          <params>
            <param index="0">
              <value>
                <![CDATA[http://leaftaps.com/opentaps/control/main]]>
              </value>
            </param>
            <param index="1">
              <value>
                <![CDATA[chrome]]>
              </value>
            </param>
          </params>
          <reporter-output>
          </reporter-output>
        </test-method> <!-- initalizeBrowser -->
        <test-method status="PASS" signature="deleteLead(java.lang.String,java.lang.String,java.lang.String)[pri:0, instance:week5.DeleteLead@5e57643e]" name="deleteLead" duration-ms="21880" started-at="2022-03-21T23:04:38 IST" data-provider="getDataFromExcel" finished-at="2022-03-21T23:05:00 IST">
          <params>
            <param index="0">
              <value>
                <![CDATA[Demosalesmanager]]>
              </value>
            </param>
            <param index="1">
              <value>
                <![CDATA[crmsfa]]>
              </value>
            </param>
            <param index="2">
              <value>
                <![CDATA[8]]>
              </value>
            </param>
          </params>
          <reporter-output>
          </reporter-output>
        </test-method> <!-- deleteLead -->
        <test-method status="PASS" signature="afterMethod()[pri:0, instance:week5.DeleteLead@5e57643e]" name="afterMethod" is-config="true" duration-ms="221" started-at="2022-03-21T23:05:00 IST" finished-at="2022-03-21T23:05:00 IST">
          <reporter-output>
          </reporter-output>
        </test-method> <!-- afterMethod -->
      </class> <!-- week5.DeleteLead -->
    </test> <!-- Delete Lead -->
  </suite> <!-- Suite -->
</testng-results>
