<?xml version="1.0" encoding="UTF-8"?>
<testng-results skipped="0" failed="0" ignored="0" total="12" passed="12">
  <reporter-output>
  </reporter-output>
  <suite name="Suite" duration-ms="128830" started-at="2022-03-22T22:13:54 IST" finished-at="2022-03-22T22:16:02 IST">
    <groups>
    </groups>
    <test name="Create Lead" duration-ms="111409" started-at="2022-03-22T22:13:54 IST" finished-at="2022-03-22T22:15:45 IST">
      <class name="week5.CreateLead">
        <test-method status="PASS" signature="setData()[pri:0, instance:week5.CreateLead@1f021e6c]" name="setData" is-config="true" duration-ms="17" started-at="2022-03-22T22:13:54 IST" finished-at="2022-03-22T22:13:54 IST">
          <reporter-output>
          </reporter-output>
        </test-method> <!-- setData -->
        <test-method status="PASS" signature="initalizeBrowser(java.lang.String,java.lang.String)[pri:0, instance:week5.CreateLead@1f021e6c]" name="initalizeBrowser" is-config="true" duration-ms="14199" started-at="2022-03-22T22:13:56 IST" finished-at="2022-03-22T22:14:10 IST">
          <params>
            <param index="0">
              <value>
                <![CDATA[http://leaftaps.com/opentaps/control/main]]>
              </value>
            </param>
            <param index="1">
              <value>
                <![CDATA[edge]]>
              </value>
            </param>
          </params>
          <reporter-output>
          </reporter-output>
        </test-method> <!-- initalizeBrowser -->
        <test-method status="PASS" signature="createLead(java.lang.String,java.lang.String,java.lang.String,java.lang.String,java.lang.String)[pri:0, instance:week5.CreateLead@1f021e6c]" name="createLead" duration-ms="47457" started-at="2022-03-22T22:14:10 IST" data-provider="getDataFromExcel" finished-at="2022-03-22T22:14:58 IST">
          <params>
            <param index="0">
              <value>
                <![CDATA[Demosalesmanager]]>
              </value>
            </param>
            <param index="1">
              <value>
                <![CDATA[crmsfa]]>
              </value>
            </param>
            <param index="2">
              <value>
                <![CDATA[Company1]]>
              </value>
            </param>
            <param index="3">
              <value>
                <![CDATA[Bala]]>
              </value>
            </param>
            <param index="4">
              <value>
                <![CDATA[S]]>
              </value>
            </param>
          </params>
          <reporter-output>
          </reporter-output>
        </test-method> <!-- createLead -->
        <test-method status="PASS" signature="afterMethod()[pri:0, instance:week5.CreateLead@1f021e6c]" name="afterMethod" is-config="true" duration-ms="2362" started-at="2022-03-22T22:14:58 IST" finished-at="2022-03-22T22:15:00 IST">
          <reporter-output>
          </reporter-output>
        </test-method> <!-- afterMethod -->
        <test-method status="PASS" signature="initalizeBrowser(java.lang.String,java.lang.String)[pri:0, instance:week5.CreateLead@1f021e6c]" name="initalizeBrowser" is-config="true" duration-ms="10066" started-at="2022-03-22T22:15:00 IST" finished-at="2022-03-22T22:15:10 IST">
          <params>
            <param index="0">
              <value>
                <![CDATA[http://leaftaps.com/opentaps/control/main]]>
              </value>
            </param>
            <param index="1">
              <value>
                <![CDATA[edge]]>
              </value>
            </param>
          </params>
          <reporter-output>
          </reporter-output>
        </test-method> <!-- initalizeBrowser -->
        <test-method status="PASS" signature="createLead(java.lang.String,java.lang.String,java.lang.String,java.lang.String,java.lang.String)[pri:0, instance:week5.CreateLead@1f021e6c]" name="createLead" duration-ms="31255" started-at="2022-03-22T22:15:10 IST" data-provider="getDataFromExcel" finished-at="2022-03-22T22:15:41 IST">
          <params>
            <param index="0">
              <value>
                <![CDATA[Demosalesmanager]]>
              </value>
            </param>
            <param index="1">
              <value>
                <![CDATA[crmsfa]]>
              </value>
            </param>
            <param index="2">
              <value>
                <![CDATA[Company2]]>
              </value>
            </param>
            <param index="3">
              <value>
                <![CDATA[Bharath]]>
              </value>
            </param>
            <param index="4">
              <value>
                <![CDATA[L]]>
              </value>
            </param>
          </params>
          <reporter-output>
          </reporter-output>
        </test-method> <!-- createLead -->
        <test-method status="PASS" signature="afterMethod()[pri:0, instance:week5.CreateLead@1f021e6c]" name="afterMethod" is-config="true" duration-ms="3636" started-at="2022-03-22T22:15:41 IST" finished-at="2022-03-22T22:15:45 IST">
          <reporter-output>
          </reporter-output>
        </test-method> <!-- afterMethod -->
      </class> <!-- week5.CreateLead -->
    </test> <!-- Create Lead -->
    <test name="Create Contact" duration-ms="117569" started-at="2022-03-22T22:13:54 IST" finished-at="2022-03-22T22:15:51 IST">
      <class name="week5.CreateContact">
        <test-method status="PASS" signature="setData()[pri:0, instance:week5.CreateContact@33b37288]" name="setData" is-config="true" duration-ms="18" started-at="2022-03-22T22:13:54 IST" finished-at="2022-03-22T22:13:54 IST">
          <reporter-output>
          </reporter-output>
        </test-method> <!-- setData -->
        <test-method status="PASS" signature="initalizeBrowser(java.lang.String,java.lang.String)[pri:0, instance:week5.CreateContact@33b37288]" name="initalizeBrowser" is-config="true" duration-ms="14286" started-at="2022-03-22T22:13:56 IST" finished-at="2022-03-22T22:14:10 IST">
          <params>
            <param index="0">
              <value>
                <![CDATA[http://leaftaps.com/opentaps/control/main]]>
              </value>
            </param>
            <param index="1">
              <value>
                <![CDATA[edge]]>
              </value>
            </param>
          </params>
          <reporter-output>
          </reporter-output>
        </test-method> <!-- initalizeBrowser -->
        <test-method status="PASS" signature="createContact(java.lang.String,java.lang.String,java.lang.String,java.lang.String,java.lang.String,java.lang.String,java.lang.String)[pri:0, instance:week5.CreateContact@33b37288]" name="createContact" duration-ms="47083" started-at="2022-03-22T22:14:10 IST" data-provider="getDataFromExcel" finished-at="2022-03-22T22:14:57 IST">
          <params>
            <param index="0">
              <value>
                <![CDATA[Demosalesmanager]]>
              </value>
            </param>
            <param index="1">
              <value>
                <![CDATA[crmsfa]]>
              </value>
            </param>
            <param index="2">
              <value>
                <![CDATA[Balaji]]>
              </value>
            </param>
            <param index="3">
              <value>
                <![CDATA[S]]>
              </value>
            </param>
            <param index="4">
              <value>
                <![CDATA[Test Dept 1]]>
              </value>
            </param>
            <param index="5">
              <value>
                <![CDATA[Test Desc 1]]>
              </value>
            </param>
            <param index="6">
              <value>
                <![CDATA[Test1@email.com]]>
              </value>
            </param>
          </params>
          <reporter-output>
          </reporter-output>
        </test-method> <!-- createContact -->
        <test-method status="PASS" signature="afterMethod()[pri:0, instance:week5.CreateContact@33b37288]" name="afterMethod" is-config="true" duration-ms="892" started-at="2022-03-22T22:14:57 IST" finished-at="2022-03-22T22:14:58 IST">
          <reporter-output>
          </reporter-output>
        </test-method> <!-- afterMethod -->
        <test-method status="PASS" signature="initalizeBrowser(java.lang.String,java.lang.String)[pri:0, instance:week5.CreateContact@33b37288]" name="initalizeBrowser" is-config="true" duration-ms="9013" started-at="2022-03-22T22:14:58 IST" finished-at="2022-03-22T22:15:07 IST">
          <params>
            <param index="0">
              <value>
                <![CDATA[http://leaftaps.com/opentaps/control/main]]>
              </value>
            </param>
            <param index="1">
              <value>
                <![CDATA[edge]]>
              </value>
            </param>
          </params>
          <reporter-output>
          </reporter-output>
        </test-method> <!-- initalizeBrowser -->
        <test-method status="PASS" signature="createContact(java.lang.String,java.lang.String,java.lang.String,java.lang.String,java.lang.String,java.lang.String,java.lang.String)[pri:0, instance:week5.CreateContact@33b37288]" name="createContact" duration-ms="43374" started-at="2022-03-22T22:15:07 IST" data-provider="getDataFromExcel" finished-at="2022-03-22T22:15:51 IST">
          <params>
            <param index="0">
              <value>
                <![CDATA[Demosalesmanager]]>
              </value>
            </param>
            <param index="1">
              <value>
                <![CDATA[crmsfa]]>
              </value>
            </param>
            <param index="2">
              <value>
                <![CDATA[Bharath]]>
              </value>
            </param>
            <param index="3">
              <value>
                <![CDATA[L]]>
              </value>
            </param>
            <param index="4">
              <value>
                <![CDATA[Test Dept 2]]>
              </value>
            </param>
            <param index="5">
              <value>
                <![CDATA[Test Desc 2]]>
              </value>
            </param>
            <param index="6">
              <value>
                <![CDATA[Test2@email.com]]>
              </value>
            </param>
          </params>
          <reporter-output>
          </reporter-output>
        </test-method> <!-- createContact -->
        <test-method status="PASS" signature="afterMethod()[pri:0, instance:week5.CreateContact@33b37288]" name="afterMethod" is-config="true" duration-ms="665" started-at="2022-03-22T22:15:51 IST" finished-at="2022-03-22T22:15:51 IST">
          <reporter-output>
          </reporter-output>
        </test-method> <!-- afterMethod -->
      </class> <!-- week5.CreateContact -->
    </test> <!-- Create Contact -->
    <test name="Edit Lead" duration-ms="119468" started-at="2022-03-22T22:13:54 IST" finished-at="2022-03-22T22:15:53 IST">
      <class name="week5.EditLead">
        <test-method status="PASS" signature="setData()[pri:0, instance:week5.EditLead@de3a06f]" name="setData" is-config="true" duration-ms="18" started-at="2022-03-22T22:13:54 IST" finished-at="2022-03-22T22:13:54 IST">
          <reporter-output>
          </reporter-output>
        </test-method> <!-- setData -->
        <test-method status="PASS" signature="initalizeBrowser(java.lang.String,java.lang.String)[pri:0, instance:week5.EditLead@de3a06f]" name="initalizeBrowser" is-config="true" duration-ms="12413" started-at="2022-03-22T22:13:56 IST" finished-at="2022-03-22T22:14:08 IST">
          <params>
            <param index="0">
              <value>
                <![CDATA[http://leaftaps.com/opentaps/control/main]]>
              </value>
            </param>
            <param index="1">
              <value>
                <![CDATA[chrome]]>
              </value>
            </param>
          </params>
          <reporter-output>
          </reporter-output>
        </test-method> <!-- initalizeBrowser -->
        <test-method status="PASS" signature="editLead(java.lang.String,java.lang.String,java.lang.String,java.lang.String)[pri:0, instance:week5.EditLead@de3a06f]" name="editLead" duration-ms="44756" started-at="2022-03-22T22:14:08 IST" data-provider="getDataFromExcel" finished-at="2022-03-22T22:14:53 IST">
          <params>
            <param index="0">
              <value>
                <![CDATA[Demosalesmanager]]>
              </value>
            </param>
            <param index="1">
              <value>
                <![CDATA[crmsfa]]>
              </value>
            </param>
            <param index="2">
              <value>
                <![CDATA[a]]>
              </value>
            </param>
            <param index="3">
              <value>
                <![CDATA[UpdatedNameA]]>
              </value>
            </param>
          </params>
          <reporter-output>
          </reporter-output>
        </test-method> <!-- editLead -->
        <test-method status="PASS" signature="afterMethod()[pri:0, instance:week5.EditLead@de3a06f]" name="afterMethod" is-config="true" duration-ms="4658" started-at="2022-03-22T22:14:53 IST" finished-at="2022-03-22T22:14:58 IST">
          <reporter-output>
          </reporter-output>
        </test-method> <!-- afterMethod -->
        <test-method status="PASS" signature="initalizeBrowser(java.lang.String,java.lang.String)[pri:0, instance:week5.EditLead@de3a06f]" name="initalizeBrowser" is-config="true" duration-ms="8183" started-at="2022-03-22T22:14:58 IST" finished-at="2022-03-22T22:15:06 IST">
          <params>
            <param index="0">
              <value>
                <![CDATA[http://leaftaps.com/opentaps/control/main]]>
              </value>
            </param>
            <param index="1">
              <value>
                <![CDATA[chrome]]>
              </value>
            </param>
          </params>
          <reporter-output>
          </reporter-output>
        </test-method> <!-- initalizeBrowser -->
        <test-method status="PASS" signature="editLead(java.lang.String,java.lang.String,java.lang.String,java.lang.String)[pri:0, instance:week5.EditLead@de3a06f]" name="editLead" duration-ms="44826" started-at="2022-03-22T22:15:06 IST" data-provider="getDataFromExcel" finished-at="2022-03-22T22:15:51 IST">
          <params>
            <param index="0">
              <value>
                <![CDATA[Demosalesmanager]]>
              </value>
            </param>
            <param index="1">
              <value>
                <![CDATA[crmsfa]]>
              </value>
            </param>
            <param index="2">
              <value>
                <![CDATA[b]]>
              </value>
            </param>
            <param index="3">
              <value>
                <![CDATA[UpdatedNameB]]>
              </value>
            </param>
          </params>
          <reporter-output>
          </reporter-output>
        </test-method> <!-- editLead -->
        <test-method status="PASS" signature="afterMethod()[pri:0, instance:week5.EditLead@de3a06f]" name="afterMethod" is-config="true" duration-ms="2334" started-at="2022-03-22T22:15:51 IST" finished-at="2022-03-22T22:15:53 IST">
          <reporter-output>
          </reporter-output>
        </test-method> <!-- afterMethod -->
      </class> <!-- week5.EditLead -->
    </test> <!-- Edit Lead -->
    <test name="Delete Lead" duration-ms="122267" started-at="2022-03-22T22:13:54 IST" finished-at="2022-03-22T22:15:56 IST">
      <class name="week5.DeleteLead">
        <test-method status="PASS" signature="setData()[pri:0, instance:week5.DeleteLead@130f889]" name="setData" is-config="true" duration-ms="18" started-at="2022-03-22T22:13:54 IST" finished-at="2022-03-22T22:13:54 IST">
          <reporter-output>
          </reporter-output>
        </test-method> <!-- setData -->
        <test-method status="PASS" signature="initalizeBrowser(java.lang.String,java.lang.String)[pri:0, instance:week5.DeleteLead@130f889]" name="initalizeBrowser" is-config="true" duration-ms="12813" started-at="2022-03-22T22:13:56 IST" finished-at="2022-03-22T22:14:09 IST">
          <params>
            <param index="0">
              <value>
                <![CDATA[http://leaftaps.com/opentaps/control/main]]>
              </value>
            </param>
            <param index="1">
              <value>
                <![CDATA[chrome]]>
              </value>
            </param>
          </params>
          <reporter-output>
          </reporter-output>
        </test-method> <!-- initalizeBrowser -->
        <test-method status="PASS" signature="deleteLead(java.lang.String,java.lang.String,java.lang.String)[pri:0, instance:week5.DeleteLead@130f889]" name="deleteLead" duration-ms="46811" started-at="2022-03-22T22:14:09 IST" data-provider="getDataFromExcel" finished-at="2022-03-22T22:14:56 IST">
          <params>
            <param index="0">
              <value>
                <![CDATA[Demosalesmanager]]>
              </value>
            </param>
            <param index="1">
              <value>
                <![CDATA[crmsfa]]>
              </value>
            </param>
            <param index="2">
              <value>
                <![CDATA[99]]>
              </value>
            </param>
          </params>
          <reporter-output>
          </reporter-output>
        </test-method> <!-- deleteLead -->
        <test-method status="PASS" signature="afterMethod()[pri:0, instance:week5.DeleteLead@130f889]" name="afterMethod" is-config="true" duration-ms="2533" started-at="2022-03-22T22:14:56 IST" finished-at="2022-03-22T22:14:58 IST">
          <reporter-output>
          </reporter-output>
        </test-method> <!-- afterMethod -->
        <test-method status="PASS" signature="initalizeBrowser(java.lang.String,java.lang.String)[pri:0, instance:week5.DeleteLead@130f889]" name="initalizeBrowser" is-config="true" duration-ms="7916" started-at="2022-03-22T22:14:58 IST" finished-at="2022-03-22T22:15:06 IST">
          <params>
            <param index="0">
              <value>
                <![CDATA[http://leaftaps.com/opentaps/control/main]]>
              </value>
            </param>
            <param index="1">
              <value>
                <![CDATA[chrome]]>
              </value>
            </param>
          </params>
          <reporter-output>
          </reporter-output>
        </test-method> <!-- initalizeBrowser -->
        <test-method status="PASS" signature="deleteLead(java.lang.String,java.lang.String,java.lang.String)[pri:0, instance:week5.DeleteLead@130f889]" name="deleteLead" duration-ms="49023" started-at="2022-03-22T22:15:06 IST" data-provider="getDataFromExcel" finished-at="2022-03-22T22:15:55 IST">
          <params>
            <param index="0">
              <value>
                <![CDATA[Demosalesmanager]]>
              </value>
            </param>
            <param index="1">
              <value>
                <![CDATA[crmsfa]]>
              </value>
            </param>
            <param index="2">
              <value>
                <![CDATA[8]]>
              </value>
            </param>
          </params>
          <reporter-output>
          </reporter-output>
        </test-method> <!-- deleteLead -->
        <test-method status="PASS" signature="afterMethod()[pri:0, instance:week5.DeleteLead@130f889]" name="afterMethod" is-config="true" duration-ms="918" started-at="2022-03-22T22:15:55 IST" finished-at="2022-03-22T22:15:56 IST">
          <reporter-output>
          </reporter-output>
        </test-method> <!-- afterMethod -->
      </class> <!-- week5.DeleteLead -->
    </test> <!-- Delete Lead -->
    <test name="Duplicate Lead" duration-ms="123139" started-at="2022-03-22T22:13:54 IST" finished-at="2022-03-22T22:15:57 IST">
      <class name="week5.DuplicateLead">
        <test-method status="PASS" signature="setData()[pri:0, instance:week5.DuplicateLead@2a40cd94]" name="setData" is-config="true" duration-ms="18" started-at="2022-03-22T22:13:54 IST" finished-at="2022-03-22T22:13:54 IST">
          <reporter-output>
          </reporter-output>
        </test-method> <!-- setData -->
        <test-method status="PASS" signature="initalizeBrowser(java.lang.String,java.lang.String)[pri:0, instance:week5.DuplicateLead@2a40cd94]" name="initalizeBrowser" is-config="true" duration-ms="13659" started-at="2022-03-22T22:13:56 IST" finished-at="2022-03-22T22:14:10 IST">
          <params>
            <param index="0">
              <value>
                <![CDATA[http://leaftaps.com/opentaps/control/main]]>
              </value>
            </param>
            <param index="1">
              <value>
                <![CDATA[edge]]>
              </value>
            </param>
          </params>
          <reporter-output>
          </reporter-output>
        </test-method> <!-- initalizeBrowser -->
        <test-method status="PASS" signature="duplicateLead(java.lang.String,java.lang.String,java.lang.String)[pri:0, instance:week5.DuplicateLead@2a40cd94]" name="duplicateLead" duration-ms="45117" started-at="2022-03-22T22:14:10 IST" data-provider="getDataFromExcel" finished-at="2022-03-22T22:14:55 IST">
          <params>
            <param index="0">
              <value>
                <![CDATA[Demosalesmanager]]>
              </value>
            </param>
            <param index="1">
              <value>
                <![CDATA[crmsfa]]>
              </value>
            </param>
            <param index="2">
              <value>
                <![CDATA[Test]]>
              </value>
            </param>
          </params>
          <reporter-output>
          </reporter-output>
        </test-method> <!-- duplicateLead -->
        <test-method status="PASS" signature="afterMethod()[pri:0, instance:week5.DuplicateLead@2a40cd94]" name="afterMethod" is-config="true" duration-ms="1134" started-at="2022-03-22T22:14:55 IST" finished-at="2022-03-22T22:14:56 IST">
          <reporter-output>
          </reporter-output>
        </test-method> <!-- afterMethod -->
        <test-method status="PASS" signature="initalizeBrowser(java.lang.String,java.lang.String)[pri:0, instance:week5.DuplicateLead@2a40cd94]" name="initalizeBrowser" is-config="true" duration-ms="10277" started-at="2022-03-22T22:14:56 IST" finished-at="2022-03-22T22:15:06 IST">
          <params>
            <param index="0">
              <value>
                <![CDATA[http://leaftaps.com/opentaps/control/main]]>
              </value>
            </param>
            <param index="1">
              <value>
                <![CDATA[edge]]>
              </value>
            </param>
          </params>
          <reporter-output>
          </reporter-output>
        </test-method> <!-- initalizeBrowser -->
        <test-method status="PASS" signature="duplicateLead(java.lang.String,java.lang.String,java.lang.String)[pri:0, instance:week5.DuplicateLead@2a40cd94]" name="duplicateLead" duration-ms="50096" started-at="2022-03-22T22:15:06 IST" data-provider="getDataFromExcel" finished-at="2022-03-22T22:15:56 IST">
          <params>
            <param index="0">
              <value>
                <![CDATA[Demosalesmanager]]>
              </value>
            </param>
            <param index="1">
              <value>
                <![CDATA[crmsfa]]>
              </value>
            </param>
            <param index="2">
              <value>
                <![CDATA[Tes]]>
              </value>
            </param>
          </params>
          <reporter-output>
          </reporter-output>
        </test-method> <!-- duplicateLead -->
        <test-method status="PASS" signature="afterMethod()[pri:0, instance:week5.DuplicateLead@2a40cd94]" name="afterMethod" is-config="true" duration-ms="595" started-at="2022-03-22T22:15:56 IST" finished-at="2022-03-22T22:15:57 IST">
          <reporter-output>
          </reporter-output>
        </test-method> <!-- afterMethod -->
      </class> <!-- week5.DuplicateLead -->
    </test> <!-- Duplicate Lead -->
    <test name="Service Now" duration-ms="128817" started-at="2022-03-22T22:13:54 IST" finished-at="2022-03-22T22:16:02 IST">
      <class name="week5.ServiceNow">
        <test-method status="PASS" signature="setData()[pri:0, instance:week5.ServiceNow@4e4aea35]" name="setData" is-config="true" duration-ms="14" started-at="2022-03-22T22:13:54 IST" finished-at="2022-03-22T22:13:54 IST">
          <reporter-output>
          </reporter-output>
        </test-method> <!-- setData -->
        <test-method status="PASS" signature="initalizeBrowser(java.lang.String,java.lang.String)[pri:0, instance:week5.ServiceNow@4e4aea35]" name="initalizeBrowser" is-config="true" duration-ms="17157" started-at="2022-03-22T22:13:56 IST" finished-at="2022-03-22T22:14:13 IST">
          <params>
            <param index="0">
              <value>
                <![CDATA[https://dev58945.service-now.com/login.do?user_name=admin&sys_action=sysverb_login&user_password=QrYgEdTecW32]]>
              </value>
            </param>
            <param index="1">
              <value>
                <![CDATA[chrome]]>
              </value>
            </param>
          </params>
          <reporter-output>
          </reporter-output>
        </test-method> <!-- initalizeBrowser -->
        <test-method status="PASS" signature="serviceNow(java.lang.String,java.lang.String,java.lang.String)[pri:0, instance:week5.ServiceNow@4e4aea35]" name="serviceNow" duration-ms="42697" started-at="2022-03-22T22:14:13 IST" data-provider="getDataFromExcel" finished-at="2022-03-22T22:14:56 IST">
          <params>
            <param index="0">
              <value>
                <![CDATA[admin]]>
              </value>
            </param>
            <param index="1">
              <value>
                <![CDATA[Test@1234]]>
              </value>
            </param>
            <param index="2">
              <value>
                <![CDATA[Test1]]>
              </value>
            </param>
          </params>
          <reporter-output>
          </reporter-output>
        </test-method> <!-- serviceNow -->
        <test-method status="PASS" signature="afterMethod()[pri:0, instance:week5.ServiceNow@4e4aea35]" name="afterMethod" is-config="true" duration-ms="1901" started-at="2022-03-22T22:14:56 IST" finished-at="2022-03-22T22:14:58 IST">
          <reporter-output>
          </reporter-output>
        </test-method> <!-- afterMethod -->
        <test-method status="PASS" signature="initalizeBrowser(java.lang.String,java.lang.String)[pri:0, instance:week5.ServiceNow@4e4aea35]" name="initalizeBrowser" is-config="true" duration-ms="15922" started-at="2022-03-22T22:14:58 IST" finished-at="2022-03-22T22:15:14 IST">
          <params>
            <param index="0">
              <value>
                <![CDATA[https://dev58945.service-now.com/login.do?user_name=admin&sys_action=sysverb_login&user_password=QrYgEdTecW32]]>
              </value>
            </param>
            <param index="1">
              <value>
                <![CDATA[chrome]]>
              </value>
            </param>
          </params>
          <reporter-output>
          </reporter-output>
        </test-method> <!-- initalizeBrowser -->
        <test-method status="PASS" signature="serviceNow(java.lang.String,java.lang.String,java.lang.String)[pri:0, instance:week5.ServiceNow@4e4aea35]" name="serviceNow" duration-ms="48536" started-at="2022-03-22T22:15:14 IST" data-provider="getDataFromExcel" finished-at="2022-03-22T22:16:02 IST">
          <params>
            <param index="0">
              <value>
                <![CDATA[admin]]>
              </value>
            </param>
            <param index="1">
              <value>
                <![CDATA[Test@1234]]>
              </value>
            </param>
            <param index="2">
              <value>
                <![CDATA[Test2]]>
              </value>
            </param>
          </params>
          <reporter-output>
          </reporter-output>
        </test-method> <!-- serviceNow -->
        <test-method status="PASS" signature="afterMethod()[pri:0, instance:week5.ServiceNow@4e4aea35]" name="afterMethod" is-config="true" duration-ms="351" started-at="2022-03-22T22:16:02 IST" finished-at="2022-03-22T22:16:02 IST">
          <reporter-output>
          </reporter-output>
        </test-method> <!-- afterMethod -->
      </class> <!-- week5.ServiceNow -->
    </test> <!-- Service Now -->
  </suite> <!-- Suite -->
</testng-results>
