<?xml version="1.0" encoding="UTF-8"?>
<testng-results skipped="0" failed="0" ignored="0" total="1" passed="1">
  <reporter-output>
  </reporter-output>
  <suite name="Service Now" duration-ms="51183" started-at="2022-03-24T23:07:42 IST" finished-at="2022-03-24T23:08:33 IST">
    <groups>
    </groups>
    <test name="Service Now Create Incident" duration-ms="44" started-at="2022-03-24T23:07:42 IST" finished-at="2022-03-24T23:07:42 IST">
    </test> <!-- Service Now Create Incident -->
    <test name="Service Now Update Incident" duration-ms="51008" started-at="2022-03-24T23:07:42 IST" finished-at="2022-03-24T23:08:33 IST">
      <class name="week5.ServiceNow_UpdateIncident">
        <test-method status="PASS" signature="setData()[pri:0, instance:week5.ServiceNow_UpdateIncident@69379752]" name="setData" is-config="true" duration-ms="35" started-at="2022-03-24T23:07:42 IST" finished-at="2022-03-24T23:07:42 IST">
          <reporter-output>
          </reporter-output>
        </test-method> <!-- setData -->
        <test-method status="PASS" signature="initalizeBrowser(java.lang.String,java.lang.String)[pri:0, instance:week5.ServiceNow_UpdateIncident@69379752]" name="initalizeBrowser" is-config="true" duration-ms="12318" started-at="2022-03-24T23:07:45 IST" finished-at="2022-03-24T23:07:57 IST">
          <params>
            <param index="0">
              <value>
                <![CDATA[https://dev58945.service-now.com/login.do?user_name=admin&sys_action=sysverb_login&user_password=QrYgEdTecW32]]>
              </value>
            </param>
            <param index="1">
              <value>
                <![CDATA[chrome]]>
              </value>
            </param>
          </params>
          <reporter-output>
          </reporter-output>
        </test-method> <!-- initalizeBrowser -->
        <test-method status="PASS" signature="updateIncident(java.lang.String,java.lang.String,java.lang.String,java.lang.String)[pri:0, instance:week5.ServiceNow_UpdateIncident@69379752]" name="updateIncident" duration-ms="36014" started-at="2022-03-24T23:07:57 IST" data-provider="getDataFromExcel" finished-at="2022-03-24T23:08:33 IST">
          <params>
            <param index="0">
              <value>
                <![CDATA[admin]]>
              </value>
            </param>
            <param index="1">
              <value>
                <![CDATA[Test@1234]]>
              </value>
            </param>
            <param index="2">
              <value>
                <![CDATA[Test1]]>
              </value>
            </param>
            <param index="3">
              <value>
                <![CDATA[Updated Notes1]]>
              </value>
            </param>
          </params>
          <reporter-output>
          </reporter-output>
        </test-method> <!-- updateIncident -->
        <test-method status="PASS" signature="afterMethod()[pri:0, instance:week5.ServiceNow_UpdateIncident@69379752]" name="afterMethod" is-config="true" duration-ms="1" started-at="2022-03-24T23:08:33 IST" finished-at="2022-03-24T23:08:33 IST">
          <reporter-output>
          </reporter-output>
        </test-method> <!-- afterMethod -->
      </class> <!-- week5.ServiceNow_UpdateIncident -->
    </test> <!-- Service Now Update Incident -->
  </suite> <!-- Service Now -->
</testng-results>
