<?xml version="1.0" encoding="UTF-8"?>
<testng-results skipped="0" failed="0" ignored="9" total="19" passed="10">
  <reporter-output>
  </reporter-output>
  <suite name="Default suite" duration-ms="276" started-at="2022-03-23T21:56:16 IST" finished-at="2022-03-23T21:56:16 IST">
    <groups>
    </groups>
    <test name="Default test" duration-ms="276" started-at="2022-03-23T21:56:16 IST" finished-at="2022-03-23T21:56:16 IST">
      <class name="week5.LearnAtrributes">
        <test-method status="PASS" signature="tc001()[pri:0, instance:week5.LearnAtrributes@66d1af89]" name="tc001" duration-ms="34" started-at="2022-03-23T21:56:16 IST" finished-at="2022-03-23T21:56:16 IST">
          <reporter-output>
          </reporter-output>
        </test-method> <!-- tc001 -->
        <test-method status="PASS" signature="tc001()[pri:0, instance:week5.LearnAtrributes@66d1af89]" name="tc001" duration-ms="12" started-at="2022-03-23T21:56:16 IST" finished-at="2022-03-23T21:56:16 IST">
          <reporter-output>
          </reporter-output>
        </test-method> <!-- tc001 -->
        <test-method status="PASS" signature="tc001()[pri:0, instance:week5.LearnAtrributes@66d1af89]" name="tc001" duration-ms="5" started-at="2022-03-23T21:56:16 IST" finished-at="2022-03-23T21:56:16 IST">
          <reporter-output>
          </reporter-output>
        </test-method> <!-- tc001 -->
        <test-method status="PASS" signature="tc001()[pri:0, instance:week5.LearnAtrributes@66d1af89]" name="tc001" duration-ms="7" started-at="2022-03-23T21:56:16 IST" finished-at="2022-03-23T21:56:16 IST">
          <reporter-output>
          </reporter-output>
        </test-method> <!-- tc001 -->
        <test-method status="PASS" signature="tc001()[pri:0, instance:week5.LearnAtrributes@66d1af89]" name="tc001" duration-ms="5" started-at="2022-03-23T21:56:16 IST" finished-at="2022-03-23T21:56:16 IST">
          <reporter-output>
          </reporter-output>
        </test-method> <!-- tc001 -->
        <test-method status="PASS" signature="tc001()[pri:0, instance:week5.LearnAtrributes@66d1af89]" name="tc001" duration-ms="7" started-at="2022-03-23T21:56:16 IST" finished-at="2022-03-23T21:56:16 IST">
          <reporter-output>
          </reporter-output>
        </test-method> <!-- tc001 -->
        <test-method status="PASS" signature="tc001()[pri:0, instance:week5.LearnAtrributes@66d1af89]" name="tc001" duration-ms="5" started-at="2022-03-23T21:56:16 IST" finished-at="2022-03-23T21:56:16 IST">
          <reporter-output>
          </reporter-output>
        </test-method> <!-- tc001 -->
        <test-method status="PASS" signature="tc001()[pri:0, instance:week5.LearnAtrributes@66d1af89]" name="tc001" duration-ms="6" started-at="2022-03-23T21:56:16 IST" finished-at="2022-03-23T21:56:16 IST">
          <reporter-output>
          </reporter-output>
        </test-method> <!-- tc001 -->
        <test-method status="PASS" signature="tc001()[pri:0, instance:week5.LearnAtrributes@66d1af89]" name="tc001" duration-ms="5" started-at="2022-03-23T21:56:16 IST" finished-at="2022-03-23T21:56:16 IST">
          <reporter-output>
          </reporter-output>
        </test-method> <!-- tc001 -->
        <test-method status="PASS" signature="tc001()[pri:0, instance:week5.LearnAtrributes@66d1af89]" name="tc001" duration-ms="5" started-at="2022-03-23T21:56:16 IST" finished-at="2022-03-23T21:56:16 IST">
          <reporter-output>
          </reporter-output>
        </test-method> <!-- tc001 -->
      </class> <!-- week5.LearnAtrributes -->
    </test> <!-- Default test -->
  </suite> <!-- Default suite -->
</testng-results>
