<?xml version="1.0" encoding="UTF-8"?>
<testng-results skipped="0" failed="0" ignored="0" total="1" passed="1">
  <reporter-output>
  </reporter-output>
  <suite name="Default suite" duration-ms="33388" started-at="2022-04-01T23:32:37 IST" finished-at="2022-04-01T23:33:10 IST">
    <groups>
      <group name="cucumber">
        <method signature="AbstractTestNGCucumberTests.runScenario(io.cucumber.testng.PickleWrapper,io.cucumber.testng.FeatureWrapper)[pri:0, instance:week6.practice.RunTest@fe18270]" name="runScenario" class="io.cucumber.testng.AbstractTestNGCucumberTests"/>
      </group> <!-- cucumber -->
    </groups>
    <test name="Default test" duration-ms="33388" started-at="2022-04-01T23:32:37 IST" finished-at="2022-04-01T23:33:10 IST">
      <class name="week6.practice.RunTest">
        <test-method status="PASS" signature="setUpClass(org.testng.ITestContext)[pri:0, instance:week6.practice.RunTest@fe18270]" name="setUpClass" is-config="true" duration-ms="2248" started-at="2022-04-01T23:32:37 IST" finished-at="2022-04-01T23:32:39 IST">
          <params>
            <param index="0">
              <value>
                <![CDATA[org.testng.TestRunner@62e93c3a]]>
              </value>
            </param>
          </params>
          <reporter-output>
          </reporter-output>
        </test-method> <!-- setUpClass -->
        <test-method status="PASS" signature="initializeBrowser()[pri:0, instance:week6.practice.RunTest@fe18270]" name="initializeBrowser" is-config="true" duration-ms="8026" started-at="2022-04-01T23:32:39 IST" finished-at="2022-04-01T23:32:47 IST">
          <reporter-output>
          </reporter-output>
        </test-method> <!-- initializeBrowser -->
        <test-method status="PASS" signature="runScenario(io.cucumber.testng.PickleWrapper,io.cucumber.testng.FeatureWrapper)[pri:0, instance:week6.practice.RunTest@fe18270]" name="runScenario" duration-ms="20245" started-at="2022-04-01T23:32:47 IST" description="Runs Cucumber Scenarios" data-provider="scenarios" finished-at="2022-04-01T23:33:07 IST">
          <params>
            <param index="0">
              <value>
                <![CDATA["Create Contact Positive flow"]]>
              </value>
            </param>
            <param index="1">
              <value>
                <![CDATA["Optional[Create Contact]"]]>
              </value>
            </param>
          </params>
          <reporter-output>
          </reporter-output>
        </test-method> <!-- runScenario -->
        <test-method status="PASS" signature="closeBrowser()[pri:0, instance:week6.practice.RunTest@fe18270]" name="closeBrowser" is-config="true" duration-ms="248" started-at="2022-04-01T23:33:07 IST" finished-at="2022-04-01T23:33:08 IST">
          <reporter-output>
          </reporter-output>
        </test-method> <!-- closeBrowser -->
        <test-method status="PASS" signature="tearDownClass()[pri:0, instance:week6.practice.RunTest@fe18270]" name="tearDownClass" is-config="true" duration-ms="2495" started-at="2022-04-01T23:33:08 IST" finished-at="2022-04-01T23:33:10 IST">
          <reporter-output>
          </reporter-output>
        </test-method> <!-- tearDownClass -->
      </class> <!-- week6.practice.RunTest -->
    </test> <!-- Default test -->
  </suite> <!-- Default suite -->
</testng-results>
